ERC report (2025-12-24T18:28:01-0600, Encoding UTF8)

***** Sheet /
[power_pin_not_driven]: Input Power pin not driven by any Output Power pins
    ; error
    @(180,34 mm, 80,01 mm): Symbol #PWR015 Pin 1 [Power input, Line]
[footprint_link_issues]: The current configuration does not include the footprint library 'SS-52400-002'.
    ; warning
    @(54,61 mm, 57,15 mm): Symbol J1 [SS-52400-002]
[footprint_link_issues]: The current configuration does not include the footprint library 'LM1117MPX-3.3'.
    ; warning
    @(60,96 mm, 114,30 mm): Symbol VR1 [LM1117MPX-3.3]
[lib_symbol_mismatch]: Symbol 'LM1117MPX-3.3' doesn't match copy in library 'LM1117MPX-3.3'
    ; warning
    @(60,96 mm, 114,30 mm): Symbol VR1 [LM1117MPX-3.3]
[footprint_link_issues]: The current configuration does not include the footprint library 'B2B-PH-SM4-TB'.
    ; warning
    @(27,94 mm, 160,02 mm): Symbol J2 [B2B-PH-SM4-TB]
[multiple_net_names]: Both GND and PWD_LED are attached to the same items; GND will be used in the netlist
    ; warning
    @(232,41 mm, 59,69 mm): Symbol #PWR056 Hidden pin 1 [GND, Power input, Line]
    @(50,80 mm, 189,23 mm): Label 'PWD_LED'
[footprint_link_issues]: The current configuration does not include the footprint library 'MCP73871-2CAI_ML'.
    ; warning
    @(203,20 mm, 64,77 mm): Symbol U1 [MCP73871-2CAI_ML]
[lib_symbol_mismatch]: Symbol 'MCP73871-2CAI_ML' doesn't match copy in library 'MCP73871-2CAI_ML'
    ; warning
    @(203,20 mm, 64,77 mm): Symbol U1 [MCP73871-2CAI_ML]
[footprint_link_issues]: The current configuration does not include the footprint library 'W25Q32JVSSIQ'.
    ; warning
    @(63,50 mm, 36,83 mm): Symbol U6 [W25Q32JVSSIQ]
[footprint_link_issues]: Footprint 'SiliconLabs_QFN-20-1EP_3x3mm_P0.5mm' not found in library 'Package_DFN_QFN'.
    ; warning
    @(69,85 mm, 146,05 mm): Symbol U4 [CP2102N-Axx-xQFN20]
[footprint_link_issues]: The current configuration does not include the footprint library 'ESP32-C3-WROOM-02-H4'.
    ; warning
    @(226,06 mm, 48,26 mm): Symbol U3 [ESP32-C3-WROOM-02-H4]
[footprint_link_issues]: The current configuration does not include the footprint library 'GSD090012SEU'.
    ; warning
    @(219,71 mm, 97,79 mm): Symbol J3 [GSD090012SEU]
[footprint_link_issues]: The current configuration does not include the footprint library 'USLPT2819DT2TR'.
    ; warning
    @(30,48 mm, 102,87 mm): Symbol S1 [USLPT2819DT2TR]
[footprint_link_issues]: The current configuration does not include the footprint library 'USLPT2819DT2TR'.
    ; warning
    @(71,12 mm, 102,87 mm): Symbol S2 [USLPT2819DT2TR]
[footprint_link_issues]: The current configuration does not include the footprint library 'BME280'.
    ; warning
    @(68,58 mm, 39,37 mm): Symbol U2 [BME280]
[lib_symbol_mismatch]: Symbol 'BME280' doesn't match copy in library 'BME280'
    ; warning
    @(68,58 mm, 39,37 mm): Symbol U2 [BME280]
[footprint_link_issues]: The current configuration does not include the footprint library 'CMC-5042PF-AC'.
    ; warning
    @(21,59 mm, 101,60 mm): Symbol MK1 [CMC-5042PF-AC]
[footprint_link_issues]: The current configuration does not include the footprint library 'TEMT6000X01'.
    ; warning
    @(116,84 mm, 38,10 mm): Symbol Q1 [TEMT6000X01]
[footprint_link_issues]: The current configuration does not include the footprint library 'MAX4466EXK'.
    ; warning
    @(73,66 mm, 101,60 mm): Symbol U7 [MAX4466EXK]

***** Sheet /ESP32-C3-02/
[pin_to_pin]: Pins of type Bidirectional and Power output are connected
    ; warning
    @(45,72 mm, 36,83 mm): Symbol U6 Pin 7 [~{HOLD}/~{RESET}(IO3), Bidirectional, Line]
    @(104,14 mm, 110,49 mm): Symbol #FLG02 Pin 1 [Power output, Line]
[pin_to_pin]: Pins of type Bidirectional and Power output are connected
    ; warning
    @(45,72 mm, 44,45 mm): Symbol U6 Pin 3 [~{WP}(IO2), Bidirectional, Line]
    @(104,14 mm, 110,49 mm): Symbol #FLG02 Pin 1 [Power output, Line]
[pin_to_pin]: Pins of type Bidirectional and Power output are connected
    ; warning
    @(237,49 mm, 92,71 mm): Symbol J3 Pin 8 [DAT1, Bidirectional, Line]
    @(165,10 mm, 46,99 mm): Symbol #FLG01 Pin 1 [Power output, Line]
[pin_to_pin]: Pins of type Bidirectional and Power output are connected
    ; warning
    @(237,49 mm, 95,25 mm): Symbol J3 Pin 9 [DAT2, Bidirectional, Line]
    @(165,10 mm, 46,99 mm): Symbol #FLG01 Pin 1 [Power output, Line]

***** Sheet /ESP32-C3-02/Sensors/
[pin_to_pin]: Pins of type Bidirectional and Power output are connected
    ; warning
    @(53,34 mm, 44,45 mm): Symbol U2 Pin 5 [SDO, Bidirectional, Line]
    @(165,10 mm, 46,99 mm): Symbol #FLG01 Pin 1 [Power output, Line]

***** Sheet /ESP32-C3-02/User Interface/

 ** ERC messages: 24  Errors 1  Warnings 23
